<?xml version="1.0" encoding="UTF-8"?>
<!-- Generated by org.testng.reporters.JUnitXMLReporter -->
<testsuite hostname="DESKTOP-3KA80RE" ignored="0" name="Default test(failed)" tests="1" failures="1" timestamp="2019-11-21T17:42:12 IST" time="25.355" errors="0">
  <testcase name="validateContactslinkTest" time="0.078" classname="com.crm.qa.testcases.TestHomepage">
    <failure type="java.lang.NullPointerException">
      <![CDATA[java.lang.NullPointerException
at com.crm.qa.pages.HomePage.validateContactslink(HomePage.java:36)
at com.crm.qa.testcases.TestHomepage.validateContactslinkTest(TestHomepage.java:68)
at java.util.ArrayList.forEach(Unknown Source)
... Removed 27 stack frames]]>
    </failure>
  </testcase> <!-- validateContactslinkTest -->
</testsuite> <!-- Default test(failed) -->
