<?xml version="1.0" encoding="UTF-8"?>
<!-- Generated by org.testng.reporters.JUnitXMLReporter -->
<testsuite hostname="DESKTOP-3KA80RE" ignored="0" name="FreeCRM app test cases" tests="10" failures="0" timestamp="2019-12-17T17:39:59 IST" time="253.558" errors="0">
  <testcase name="validateNewContactTest" time="3.127" classname="com.crm.qa.testcases.TestContactspage"/>
  <testcase name="validateNewContactTest" time="3.465" classname="com.crm.qa.testcases.TestContactspage"/>
  <testcase name="validateNewContactTest" time="3.342" classname="com.crm.qa.testcases.TestContactspage"/>
  <testcase name="validateUserDisplayTest" time="0.139" classname="com.crm.qa.testcases.TestHomepage"/>
  <testcase name="validateSearchbuttonTest" time="0.133" classname="com.crm.qa.testcases.TestHomepage"/>
  <testcase name="validateContactslinkTest" time="0.19" classname="com.crm.qa.testcases.TestHomepage"/>
  <testcase name="validateDealslinkTest" time="2.189" classname="com.crm.qa.testcases.TestHomepage"/>
  <testcase name="validateloginfunctionalityTest" time="9.159" classname="com.crm.qa.testcases.TestLoginpage"/>
  <testcase name="validatesignuplinkTest" time="0.1" classname="com.crm.qa.testcases.TestLoginpage"/>
  <testcase name="loginpagetitleTest" time="0.013" classname="com.crm.qa.testcases.TestLoginpage"/>
</testsuite> <!-- FreeCRM app test cases -->
