<?xml version="1.0" encoding="UTF-8"?>
<!-- Generated by org.testng.reporters.JUnitXMLReporter -->
<testsuite hostname="DESKTOP-3KA80RE" ignored="0" name="Default test" tests="3" failures="0" timestamp="2019-12-17T16:38:49 IST" time="87.49" errors="0">
  <testcase name="validateNewContactTest" time="3.244" classname="com.crm.qa.testcases.TestContactspage"/>
  <testcase name="validateNewContactTest" time="3.113" classname="com.crm.qa.testcases.TestContactspage"/>
  <testcase name="validateNewContactTest" time="3.282" classname="com.crm.qa.testcases.TestContactspage"/>
</testsuite> <!-- Default test -->
